Address bits: 64
Block size: 4
Cache sets: 32
Associativity: 2

Offset bit count: 2
Indexing bit count: 5
Indexing bits: 63 59 54 49 62 

.benchmark testcase1
0000100001000010000100000110000000001000010000100000000001100000 miss
1000100001000010000100000110000000001000010000100000000001100000 miss
0000000000000000000100000110000000000000000000000000000001100000 miss
1000000000000000000100000110000000000000000000000000000001100000 miss
0000100001000000000100000110000000001000010000000000000001100000 miss
1000100001000000000100000110000000001000010000000000000001100000 miss
0000100001000010000100000110000000001000010000100000000001100000 hit
1000100001000010000100000110000000001000010000100000000001100000 hit
0000100000000010000100000110000000001000000000100000000001100000 miss
1000100000000010000100000110000000001000000000100000000001100000 miss
0000100001000000000100000110000000001000010000000000000001100000 hit
1000100001000000000100000110000000001000010000000000000001100000 hit
0000100000000000000100000110000000001000000000000000000001100000 miss
1000100000000000000100000110000000001000000000000000000001100000 miss
0000100000000010000100000110000000001000000000100000000001100000 hit
1000100000000010000100000110000000001000000000100000000001100000 hit
0000000001000010000100000110000000000000010000100000000001100000 miss
1000000001000010000100000110000000000000010000100000000001100000 miss
0000100000000000000100000110000000001000000000000000000001100000 hit
1000100000000000000100000110000000001000000000000000000001100000 hit
0000000001000000000100000110000000000000010000000000000001100000 miss
1000000001000000000100000110000000000000010000000000000001100000 miss
0000000001000010000100000110000000000000010000100000000001100000 hit
1000000001000010000100000110000000000000010000100000000001100000 hit
0000000000000010000100000110000000000000000000100000000001100000 miss
1000000000000010000100000110000000000000000000100000000001100000 miss
0000000001000000000100000110000000000000010000000000000001100000 hit
1000000001000000000100000110000000000000010000000000000001100000 hit
0000000000000000000100000110000000000000000000000000000001100000 hit
1000000000000000000100000110000000000000000000000000000001100000 hit
0000000000000010000100000110000000000000000000100000000001100000 hit
1000000000000010000100000110000000000000000000100000000001100000 hit
.end

Total cache miss count: 16
